OpenROAD 41a51eaf4ca2171c92ff38afb91eb37bbd3f36da 
This program is licensed under the BSD-3 license. See the LICENSE file for details.
Components of this program may be licensed under more restrictive licenses which must be honored.
[INFO]: Reading ODB at '/openlane/designs/picosoc/runs/new/tmp/15-picorv32_wrapper.odb'…
define_corners Slowest Typical Fastest
read_liberty -corner Slowest /home/renee/.volare/sky130/sky130A/libs.ref/sky130_fd_sc_hd/lib/sky130_fd_sc_hd__ss_100C_1v60.lib
read_liberty -corner Typical /home/renee/.volare/sky130/sky130A/libs.ref/sky130_fd_sc_hd/lib/sky130_fd_sc_hd__tt_025C_1v80.lib
read_liberty -corner Fastest /home/renee/.volare/sky130/sky130A/libs.ref/sky130_fd_sc_hd/lib/sky130_fd_sc_hd__ff_n40C_1v95.lib
Using 1e-12 for capacitance...
Using 1e+03 for resistance...
Using 1e-09 for time...
Using 1e+00 for voltage...
Using 1e-03 for current...
Using 1e-09 for power...
Using 1e-06 for distance...
Reading design constraints file at '/openlane/designs/picosoc/runs/new/tmp/15-picorv32_wrapper.sdc'…
[INFO]: Setting signal min routing layer to: met1 and clock min routing layer to met3. 
[INFO]: Setting signal max routing layer to: met5 and clock max routing layer to met5. 
-congestion_iterations 50 -verbose -congestion_report_file /openlane/designs/picosoc/runs/new/tmp/routing/resizer-routing-timing-congestion.rpt -allow_congestion
[INFO GRT-0020] Min routing layer: met1
[INFO GRT-0021] Max routing layer: met5
[INFO GRT-0022] Global adjustment: 30%
[INFO GRT-0023] Grid origin: (0, 0)
[INFO GRT-0043] No OR_DEFAULT vias defined.
[INFO GRT-0088] Layer li1     Track-Pitch = 0.4600  line-2-Via Pitch: 0.3400
[INFO GRT-0088] Layer met1    Track-Pitch = 0.3400  line-2-Via Pitch: 0.3400
[INFO GRT-0088] Layer met2    Track-Pitch = 0.4600  line-2-Via Pitch: 0.3500
[INFO GRT-0088] Layer met3    Track-Pitch = 0.6800  line-2-Via Pitch: 0.6150
[INFO GRT-0088] Layer met4    Track-Pitch = 0.9200  line-2-Via Pitch: 1.0400
[INFO GRT-0088] Layer met5    Track-Pitch = 3.4000  line-2-Via Pitch: 3.1100
[INFO GRT-0019] Found 96 clock nets.
[INFO GRT-0001] Minimum degree: 2
[INFO GRT-0002] Maximum degree: 26
[INFO GRT-0003] Macros: 0
[INFO GRT-0004] Blockages: 22598

[INFO GRT-0053] Routing resources analysis:
          Routing      Original      Derated      Resource
Layer     Direction    Resources     Resources    Reduction (%)
---------------------------------------------------------------
li1        Vertical            0             0          0.00%
met1       Horizontal     124800         61236          50.93%
met2       Vertical        93600         62575          33.15%
met3       Horizontal      62400         43258          30.68%
met4       Vertical        37440         24125          35.56%
met5       Horizontal      12480          5929          52.49%
---------------------------------------------------------------

[INFO GRT-0101] Running extra iterations to remove overflow.
[INFO GRT-0103] Extra Run for hard benchmark.
[INFO GRT-0197] Via related to pin nodes: 66670
[INFO GRT-0198] Via related Steiner nodes: 5630
[INFO GRT-0199] Via filling finished.
[INFO GRT-0111] Final number of vias: 137540
[INFO GRT-0112] Final usage 3D: 788923
[WARNING GRT-0115] Global routing finished with overflow.

[INFO GRT-0096] Final congestion report:
Layer         Resource        Demand        Usage (%)    Max H / Max V / Total Overflow
---------------------------------------------------------------------------------------
li1                  0         38036            0.00%             2 / 31 / 38036
met1             61236        140850          230.01%            55 /  4 / 83403
met2             62575         93251          149.02%             3 / 31 / 34084
met3             43258         61809          142.88%            19 /  2 / 23198
met4             24125         34833          144.39%             1 / 15 / 14362
met5              5929          7524          126.90%             5 /  1 / 2554
---------------------------------------------------------------------------------------
Total           197123        376303          190.90%            85 / 84 / 195637

[INFO GRT-0018] Total wirelength: 3225750 um
[INFO GRT-0014] Routed nets: 12320
[INFO]: Setting RC values...
[WARNING GRT-0026] Missing route to pin _10632_/A.
[WARNING GRT-0026] Missing route to pin _10632_/A.
[WARNING GRT-0026] Missing route to pin _10632_/A.
[WARNING GRT-0026] Missing route to pin _16119_/A.
[WARNING GRT-0026] Missing route to pin _10674_/A.
[WARNING GRT-0026] Missing route to pin _16119_/A.
[WARNING GRT-0026] Missing route to pin _10674_/A.
[WARNING GRT-0026] Missing route to pin _16119_/A.
[WARNING GRT-0026] Missing route to pin _10674_/A.
[WARNING GRT-0026] Missing route to pin _12133_/X.
[WARNING GRT-0026] Missing route to pin _12133_/X.
[WARNING GRT-0026] Missing route to pin _12133_/X.
[WARNING GRT-0026] Missing route to pin _22345_/D.
[WARNING GRT-0026] Missing route to pin _22345_/D.
[WARNING GRT-0026] Missing route to pin _22345_/D.
[WARNING GRT-0026] Missing route to pin _12532_/Y.
[WARNING GRT-0026] Missing route to pin _12532_/Y.
[WARNING GRT-0026] Missing route to pin _12532_/Y.
[WARNING GRT-0026] Missing route to pin _20979_/D.
[WARNING GRT-0026] Missing route to pin _20979_/D.
[WARNING GRT-0026] Missing route to pin _20979_/D.
[WARNING GRT-0026] Missing route to pin _12610_/Y.
[WARNING GRT-0026] Missing route to pin _12610_/Y.
[WARNING GRT-0026] Missing route to pin _12610_/Y.
[WARNING GRT-0026] Missing route to pin _20999_/D.
[WARNING GRT-0026] Missing route to pin _20999_/D.
[WARNING GRT-0026] Missing route to pin _20999_/D.
[WARNING GRT-0026] Missing route to pin _21003_/D.
[WARNING GRT-0026] Missing route to pin _21003_/D.
[WARNING GRT-0026] Missing route to pin _21003_/D.
[WARNING GRT-0026] Missing route to pin _12764_/Y.
[WARNING GRT-0026] Missing route to pin _12764_/Y.
[WARNING GRT-0026] Missing route to pin _12764_/Y.
[WARNING GRT-0026] Missing route to pin _21032_/D.
[WARNING GRT-0026] Missing route to pin _21032_/D.
[WARNING GRT-0026] Missing route to pin _21032_/D.
[WARNING GRT-0026] Missing route to pin _12886_/Y.
[WARNING GRT-0026] Missing route to pin _12886_/Y.
[WARNING GRT-0026] Missing route to pin _12886_/Y.
[WARNING GRT-0026] Missing route to pin _13189_/Y.
[WARNING GRT-0026] Missing route to pin _13189_/Y.
[WARNING GRT-0026] Missing route to pin _13189_/Y.
[WARNING GRT-0026] Missing route to pin _13270_/Y.
[WARNING GRT-0026] Missing route to pin _13270_/Y.
[WARNING GRT-0026] Missing route to pin _13270_/Y.
[WARNING GRT-0026] Missing route to pin _21054_/D.
[WARNING GRT-0026] Missing route to pin _21054_/D.
[WARNING GRT-0026] Missing route to pin _21054_/D.
[WARNING GRT-0026] Missing route to pin _21057_/D.
[WARNING GRT-0026] Missing route to pin _21057_/D.
[WARNING GRT-0026] Missing route to pin _21057_/D.
[WARNING GRT-0026] Missing route to pin _21063_/D.
[WARNING GRT-0026] Missing route to pin _21063_/D.
[WARNING GRT-0026] Missing route to pin _21063_/D.
[WARNING GRT-0026] Missing route to pin _21065_/D.
[WARNING GRT-0026] Missing route to pin _21065_/D.
[WARNING GRT-0026] Missing route to pin _21065_/D.
[WARNING GRT-0026] Missing route to pin _13631_/Y.
[WARNING GRT-0026] Missing route to pin _13631_/Y.
[WARNING GRT-0026] Missing route to pin _13631_/Y.
[WARNING GRT-0026] Missing route to pin _21068_/D.
[WARNING GRT-0026] Missing route to pin _21068_/D.
[WARNING GRT-0026] Missing route to pin _21068_/D.
[WARNING GRT-0026] Missing route to pin _13664_/X.
[WARNING GRT-0026] Missing route to pin _13664_/X.
[WARNING GRT-0026] Missing route to pin _13664_/X.
[WARNING GRT-0026] Missing route to pin _13723_/X.
[WARNING GRT-0026] Missing route to pin _13723_/X.
[WARNING GRT-0026] Missing route to pin _13723_/X.
[WARNING GRT-0026] Missing route to pin _13777_/X.
[WARNING GRT-0026] Missing route to pin _13777_/X.
[WARNING GRT-0026] Missing route to pin _13777_/X.
[WARNING GRT-0026] Missing route to pin _13837_/X.
[WARNING GRT-0026] Missing route to pin _13837_/X.
[WARNING GRT-0026] Missing route to pin _13837_/X.
[WARNING GRT-0026] Missing route to pin _13911_/Y.
[WARNING GRT-0026] Missing route to pin _13911_/Y.
[WARNING GRT-0026] Missing route to pin _13911_/Y.
[WARNING GRT-0026] Missing route to pin _13948_/Y.
[WARNING GRT-0026] Missing route to pin _13948_/Y.
[WARNING GRT-0026] Missing route to pin _13948_/Y.
[WARNING GRT-0026] Missing route to pin _21172_/D.
[WARNING GRT-0026] Missing route to pin _21172_/D.
[WARNING GRT-0026] Missing route to pin _21172_/D.
[WARNING GRT-0026] Missing route to pin _14688_/Y.
[WARNING GRT-0026] Missing route to pin _14688_/Y.
[WARNING GRT-0026] Missing route to pin _14688_/Y.
[WARNING GRT-0026] Missing route to pin _21175_/D.
[WARNING GRT-0026] Missing route to pin _21175_/D.
[WARNING GRT-0026] Missing route to pin _21175_/D.
[WARNING GRT-0026] Missing route to pin _21176_/D.
[WARNING GRT-0026] Missing route to pin _14821_/Y.
[WARNING GRT-0026] Missing route to pin _21176_/D.
[WARNING GRT-0026] Missing route to pin _14821_/Y.
[WARNING GRT-0026] Missing route to pin _21176_/D.
[WARNING GRT-0026] Missing route to pin _14821_/Y.
[WARNING GRT-0026] Missing route to pin _21177_/D.
[WARNING GRT-0026] Missing route to pin _21177_/D.
[WARNING GRT-0026] Missing route to pin _21177_/D.
[WARNING GRT-0026] Missing route to pin _21179_/D.
[WARNING GRT-0026] Missing route to pin _21179_/D.
[WARNING GRT-0026] Missing route to pin _21179_/D.
[WARNING GRT-0026] Missing route to pin _15087_/Y.
[WARNING GRT-0026] Missing route to pin _15087_/Y.
[WARNING GRT-0026] Missing route to pin _15087_/Y.
[WARNING GRT-0026] Missing route to pin _21188_/D.
[WARNING GRT-0026] Missing route to pin _21188_/D.
[WARNING GRT-0026] Missing route to pin _21188_/D.
[WARNING GRT-0026] Missing route to pin _15537_/Y.
[WARNING GRT-0026] Missing route to pin _15537_/Y.
[WARNING GRT-0026] Missing route to pin _15537_/Y.
[WARNING GRT-0026] Missing route to pin _21194_/D.
[WARNING GRT-0026] Missing route to pin _15720_/Y.
[WARNING GRT-0026] Missing route to pin _21194_/D.
[WARNING GRT-0026] Missing route to pin _15720_/Y.
[WARNING GRT-0026] Missing route to pin _21194_/D.
[WARNING GRT-0026] Missing route to pin _15720_/Y.
[WARNING GRT-0026] Missing route to pin _15771_/X.
[WARNING GRT-0026] Missing route to pin _15771_/X.
[WARNING GRT-0026] Missing route to pin _15771_/X.
[WARNING GRT-0026] Missing route to pin _21208_/D.
[WARNING GRT-0026] Missing route to pin _21208_/D.
[WARNING GRT-0026] Missing route to pin _21208_/D.
[WARNING GRT-0026] Missing route to pin _15860_/X.
[WARNING GRT-0026] Missing route to pin _15860_/X.
[WARNING GRT-0026] Missing route to pin _15860_/X.
[WARNING GRT-0026] Missing route to pin _15866_/X.
[WARNING GRT-0026] Missing route to pin _15866_/X.
[WARNING GRT-0026] Missing route to pin _15866_/X.
[WARNING GRT-0026] Missing route to pin _21214_/D.
[WARNING GRT-0026] Missing route to pin _15886_/X.
[WARNING GRT-0026] Missing route to pin _21214_/D.
[WARNING GRT-0026] Missing route to pin _15886_/X.
[WARNING GRT-0026] Missing route to pin _21214_/D.
[WARNING GRT-0026] Missing route to pin _15886_/X.
[WARNING GRT-0026] Missing route to pin _15987_/Y.
[WARNING GRT-0026] Missing route to pin _15987_/Y.
[WARNING GRT-0026] Missing route to pin _15987_/Y.
[WARNING GRT-0026] Missing route to pin _16050_/X.
[WARNING GRT-0026] Missing route to pin _16050_/X.
[WARNING GRT-0026] Missing route to pin _16050_/X.
[WARNING GRT-0026] Missing route to pin _21245_/D.
[WARNING GRT-0026] Missing route to pin _21245_/D.
[WARNING GRT-0026] Missing route to pin _21245_/D.
[WARNING GRT-0026] Missing route to pin _21246_/D.
[WARNING GRT-0026] Missing route to pin _21246_/D.
[WARNING GRT-0026] Missing route to pin _21246_/D.
[WARNING GRT-0026] Missing route to pin _21251_/D.
[WARNING GRT-0026] Missing route to pin _21251_/D.
[WARNING GRT-0026] Missing route to pin _21251_/D.
[WARNING GRT-0026] Missing route to pin _16089_/Y.
[WARNING GRT-0026] Missing route to pin _16089_/Y.
[WARNING GRT-0026] Missing route to pin _16089_/Y.
[WARNING GRT-0026] Missing route to pin _21262_/D.
[WARNING GRT-0026] Missing route to pin _21262_/D.
[WARNING GRT-0026] Missing route to pin _21262_/D.
[WARNING GRT-0026] Missing route to pin _21270_/D.
[WARNING GRT-0026] Missing route to pin _21270_/D.
[WARNING GRT-0026] Missing route to pin _21270_/D.
[WARNING GRT-0026] Missing route to pin _16220_/X.
[WARNING GRT-0026] Missing route to pin _16220_/X.
[WARNING GRT-0026] Missing route to pin _16220_/X.
[WARNING GRT-0026] Missing route to pin _16257_/Y.
[WARNING GRT-0026] Missing route to pin _16257_/Y.
[WARNING GRT-0026] Missing route to pin _16257_/Y.
[WARNING GRT-0026] Missing route to pin _16307_/X.
[WARNING GRT-0026] Missing route to pin _16307_/X.
[WARNING GRT-0026] Missing route to pin _16307_/X.
[WARNING GRT-0026] Missing route to pin _21308_/D.
[WARNING GRT-0026] Missing route to pin _21308_/D.
[WARNING GRT-0026] Missing route to pin _21308_/D.
[WARNING GRT-0026] Missing route to pin _21311_/D.
[WARNING GRT-0026] Missing route to pin _16323_/X.
[WARNING GRT-0026] Missing route to pin _21311_/D.
[WARNING GRT-0026] Missing route to pin _16323_/X.
[WARNING GRT-0026] Missing route to pin _21311_/D.
[WARNING GRT-0026] Missing route to pin _16323_/X.
[WARNING GRT-0026] Missing route to pin _21312_/D.
[WARNING GRT-0026] Missing route to pin _21312_/D.
[WARNING GRT-0026] Missing route to pin _21312_/D.
[WARNING GRT-0026] Missing route to pin _21314_/D.
[WARNING GRT-0026] Missing route to pin _16333_/Y.
[WARNING GRT-0026] Missing route to pin _21314_/D.
[WARNING GRT-0026] Missing route to pin _16333_/Y.
[WARNING GRT-0026] Missing route to pin _21314_/D.
[WARNING GRT-0026] Missing route to pin _16333_/Y.
[WARNING GRT-0026] Missing route to pin _21316_/D.
[WARNING GRT-0026] Missing route to pin _21316_/D.
[WARNING GRT-0026] Missing route to pin _21316_/D.
[WARNING GRT-0026] Missing route to pin _16345_/Y.
[WARNING GRT-0026] Missing route to pin _16345_/Y.
[WARNING GRT-0026] Missing route to pin _16345_/Y.
[WARNING GRT-0026] Missing route to pin _21320_/D.
[WARNING GRT-0026] Missing route to pin _16353_/Y.
[WARNING GRT-0026] Missing route to pin _21320_/D.
[WARNING GRT-0026] Missing route to pin _16353_/Y.
[WARNING GRT-0026] Missing route to pin _21320_/D.
[WARNING GRT-0026] Missing route to pin _16353_/Y.
[WARNING GRT-0026] Missing route to pin _21322_/D.
[WARNING GRT-0026] Missing route to pin _16359_/Y.
[WARNING GRT-0026] Missing route to pin _21322_/D.
[WARNING GRT-0026] Missing route to pin _16359_/Y.
[WARNING GRT-0026] Missing route to pin _21322_/D.
[WARNING GRT-0026] Missing route to pin _16359_/Y.
[WARNING GRT-0026] Missing route to pin _16362_/Y.
[WARNING GRT-0026] Missing route to pin _16362_/Y.
[WARNING GRT-0026] Missing route to pin _16362_/Y.
[WARNING GRT-0026] Missing route to pin _16371_/Y.
[WARNING GRT-0026] Missing route to pin _16371_/Y.
[WARNING GRT-0026] Missing route to pin _16371_/Y.
[WARNING GRT-0026] Missing route to pin _16385_/X.
[WARNING GRT-0026] Missing route to pin _16385_/X.
[WARNING GRT-0026] Missing route to pin _16385_/X.
[WARNING GRT-0026] Missing route to pin _21332_/D.
[WARNING GRT-0026] Missing route to pin _21332_/D.
[WARNING GRT-0026] Missing route to pin _21332_/D.
[WARNING GRT-0026] Missing route to pin _16393_/X.
[WARNING GRT-0026] Missing route to pin _16393_/X.
[WARNING GRT-0026] Missing route to pin _16393_/X.
[WARNING GRT-0026] Missing route to pin _21335_/D.
[WARNING GRT-0026] Missing route to pin _21335_/D.
[WARNING GRT-0026] Missing route to pin _21335_/D.
[WARNING GRT-0026] Missing route to pin _21336_/D.
[WARNING GRT-0026] Missing route to pin _21336_/D.
[WARNING GRT-0026] Missing route to pin _21336_/D.
[WARNING GRT-0026] Missing route to pin _16407_/X.
[WARNING GRT-0026] Missing route to pin _16407_/X.
[WARNING GRT-0026] Missing route to pin _16407_/X.
[WARNING GRT-0026] Missing route to pin _16411_/X.
[WARNING GRT-0026] Missing route to pin _16411_/X.
[WARNING GRT-0026] Missing route to pin _16411_/X.
[WARNING GRT-0026] Missing route to pin _21343_/D.
[WARNING GRT-0026] Missing route to pin _21343_/D.
[WARNING GRT-0026] Missing route to pin _21343_/D.
[WARNING GRT-0026] Missing route to pin _21345_/D.
[WARNING GRT-0026] Missing route to pin _21345_/D.
[WARNING GRT-0026] Missing route to pin _21345_/D.
[WARNING GRT-0026] Missing route to pin _21346_/D.
[WARNING GRT-0026] Missing route to pin _21346_/D.
[WARNING GRT-0026] Missing route to pin _21346_/D.
[WARNING GRT-0026] Missing route to pin _21349_/D.
[WARNING GRT-0026] Missing route to pin _21349_/D.
[WARNING GRT-0026] Missing route to pin _21349_/D.
[WARNING GRT-0026] Missing route to pin _21350_/D.
[WARNING GRT-0026] Missing route to pin _21350_/D.
[WARNING GRT-0026] Missing route to pin _21350_/D.
[WARNING GRT-0026] Missing route to pin _21352_/D.
[WARNING GRT-0026] Missing route to pin _21352_/D.
[WARNING GRT-0026] Missing route to pin _21352_/D.
[WARNING GRT-0026] Missing route to pin _21392_/D.
[WARNING GRT-0026] Missing route to pin _21392_/D.
[WARNING GRT-0026] Missing route to pin _21392_/D.
[WARNING GRT-0026] Missing route to pin _16606_/X.
[WARNING GRT-0026] Missing route to pin _16606_/X.
[WARNING GRT-0026] Missing route to pin _16606_/X.
[WARNING GRT-0026] Missing route to pin _16610_/X.
[WARNING GRT-0026] Missing route to pin _16610_/X.
[WARNING GRT-0026] Missing route to pin _16610_/X.
[WARNING GRT-0026] Missing route to pin _21406_/D.
[WARNING GRT-0026] Missing route to pin _21406_/D.
[WARNING GRT-0026] Missing route to pin _21406_/D.
[WARNING GRT-0026] Missing route to pin _21409_/D.
[WARNING GRT-0026] Missing route to pin _21409_/D.
[WARNING GRT-0026] Missing route to pin _21409_/D.
[WARNING GRT-0026] Missing route to pin _16620_/X.
[WARNING GRT-0026] Missing route to pin _16620_/X.
[WARNING GRT-0026] Missing route to pin _16620_/X.
[WARNING GRT-0026] Missing route to pin _16625_/Y.
[WARNING GRT-0026] Missing route to pin _16625_/Y.
[WARNING GRT-0026] Missing route to pin _16625_/Y.
[WARNING GRT-0026] Missing route to pin _21412_/D.
[WARNING GRT-0026] Missing route to pin _16628_/Y.
[WARNING GRT-0026] Missing route to pin _21412_/D.
[WARNING GRT-0026] Missing route to pin _16628_/Y.
[WARNING GRT-0026] Missing route to pin _21412_/D.
[WARNING GRT-0026] Missing route to pin _16628_/Y.
[WARNING GRT-0026] Missing route to pin _21415_/D.
[WARNING GRT-0026] Missing route to pin _21415_/D.
[WARNING GRT-0026] Missing route to pin _21415_/D.
[WARNING GRT-0026] Missing route to pin _16657_/Y.
[WARNING GRT-0026] Missing route to pin _16657_/Y.
[WARNING GRT-0026] Missing route to pin _16657_/Y.
[WARNING GRT-0026] Missing route to pin _16663_/Y.
[WARNING GRT-0026] Missing route to pin _16663_/Y.
[WARNING GRT-0026] Missing route to pin _16663_/Y.
[WARNING GRT-0026] Missing route to pin _21425_/D.
[WARNING GRT-0026] Missing route to pin _21425_/D.
[WARNING GRT-0026] Missing route to pin _21425_/D.
[WARNING GRT-0026] Missing route to pin _21426_/D.
[WARNING GRT-0026] Missing route to pin _21426_/D.
[WARNING GRT-0026] Missing route to pin _21426_/D.
[WARNING GRT-0026] Missing route to pin _16705_/X.
[WARNING GRT-0026] Missing route to pin _16705_/X.
[WARNING GRT-0026] Missing route to pin _16705_/X.
[WARNING GRT-0026] Missing route to pin _11093_/B1.
[WARNING GRT-0026] Missing route to pin _11093_/B1.
[WARNING GRT-0026] Missing route to pin _11093_/B1.
[WARNING GRT-0026] Missing route to pin _21464_/D.
[WARNING GRT-0026] Missing route to pin _21464_/D.
[WARNING GRT-0026] Missing route to pin _21464_/D.
[WARNING GRT-0026] Missing route to pin _16760_/X.
[WARNING GRT-0026] Missing route to pin _16760_/X.
[WARNING GRT-0026] Missing route to pin _16760_/X.
[WARNING GRT-0026] Missing route to pin _16763_/X.
[WARNING GRT-0026] Missing route to pin _16763_/X.
[WARNING GRT-0026] Missing route to pin _16763_/X.
[WARNING GRT-0026] Missing route to pin _21475_/D.
[WARNING GRT-0026] Missing route to pin _21475_/D.
[WARNING GRT-0026] Missing route to pin _21475_/D.
[WARNING GRT-0026] Missing route to pin _21479_/D.
[WARNING GRT-0026] Missing route to pin _16783_/X.
[WARNING GRT-0026] Missing route to pin _21479_/D.
[WARNING GRT-0026] Missing route to pin _16783_/X.
[WARNING GRT-0026] Missing route to pin _21479_/D.
[WARNING GRT-0026] Missing route to pin _16783_/X.
[WARNING GRT-0026] Missing route to pin _16798_/X.
[WARNING GRT-0026] Missing route to pin _16798_/X.
[WARNING GRT-0026] Missing route to pin _16798_/X.
[WARNING GRT-0026] Missing route to pin _16806_/Y.
[WARNING GRT-0026] Missing route to pin _16806_/Y.
[WARNING GRT-0026] Missing route to pin _16806_/Y.
[WARNING GRT-0026] Missing route to pin _21489_/D.
[WARNING GRT-0026] Missing route to pin _16818_/Y.
[WARNING GRT-0026] Missing route to pin _21489_/D.
[WARNING GRT-0026] Missing route to pin _16818_/Y.
[WARNING GRT-0026] Missing route to pin _21489_/D.
[WARNING GRT-0026] Missing route to pin _16818_/Y.
[WARNING GRT-0026] Missing route to pin _21491_/D.
[WARNING GRT-0026] Missing route to pin _21491_/D.
[WARNING GRT-0026] Missing route to pin _21491_/D.
[WARNING GRT-0026] Missing route to pin _21492_/D.
[WARNING GRT-0026] Missing route to pin _21492_/D.
[WARNING GRT-0026] Missing route to pin _21492_/D.
[WARNING GRT-0026] Missing route to pin _21493_/D.
[WARNING GRT-0026] Missing route to pin _21493_/D.
[WARNING GRT-0026] Missing route to pin _21493_/D.
[WARNING GRT-0026] Missing route to pin _16852_/Y.
[WARNING GRT-0026] Missing route to pin _16852_/Y.
[WARNING GRT-0026] Missing route to pin _16852_/Y.
[WARNING GRT-0026] Missing route to pin _21499_/D.
[WARNING GRT-0026] Missing route to pin _21499_/D.
[WARNING GRT-0026] Missing route to pin _21499_/D.
[WARNING GRT-0026] Missing route to pin _21509_/D.
[WARNING GRT-0026] Missing route to pin _21509_/D.
[WARNING GRT-0026] Missing route to pin _21509_/D.
[WARNING GRT-0026] Missing route to pin _21511_/D.
[WARNING GRT-0026] Missing route to pin _21511_/D.
[WARNING GRT-0026] Missing route to pin _21511_/D.
[WARNING GRT-0026] Missing route to pin _21513_/D.
[WARNING GRT-0026] Missing route to pin _21513_/D.
[WARNING GRT-0026] Missing route to pin _21513_/D.
[WARNING GRT-0026] Missing route to pin _21515_/D.
[WARNING GRT-0026] Missing route to pin _21515_/D.
[WARNING GRT-0026] Missing route to pin _21515_/D.
[WARNING GRT-0026] Missing route to pin _16907_/X.
[WARNING GRT-0026] Missing route to pin _16907_/X.
[WARNING GRT-0026] Missing route to pin _16907_/X.
[WARNING GRT-0026] Missing route to pin _16911_/X.
[WARNING GRT-0026] Missing route to pin _16911_/X.
[WARNING GRT-0026] Missing route to pin _16911_/X.
[WARNING GRT-0026] Missing route to pin _21522_/D.
[WARNING GRT-0026] Missing route to pin _21522_/D.
[WARNING GRT-0026] Missing route to pin _21522_/D.
[WARNING GRT-0026] Missing route to pin _16925_/Y.
[WARNING GRT-0026] Missing route to pin _16925_/Y.
[WARNING GRT-0026] Missing route to pin _16925_/Y.
[WARNING GRT-0026] Missing route to pin _16948_/Y.
[WARNING GRT-0026] Missing route to pin _16948_/Y.
[WARNING GRT-0026] Missing route to pin _16948_/Y.
[WARNING GRT-0026] Missing route to pin _16954_/Y.
[WARNING GRT-0026] Missing route to pin _16954_/Y.
[WARNING GRT-0026] Missing route to pin _16954_/Y.
[WARNING GRT-0026] Missing route to pin _16967_/Y.
[WARNING GRT-0026] Missing route to pin _16967_/Y.
[WARNING GRT-0026] Missing route to pin _16967_/Y.
[WARNING GRT-0026] Missing route to pin _21536_/D.
[WARNING GRT-0026] Missing route to pin _21536_/D.
[WARNING GRT-0026] Missing route to pin _21536_/D.
[WARNING GRT-0026] Missing route to pin _17004_/Y.
[WARNING GRT-0026] Missing route to pin _17004_/Y.
[WARNING GRT-0026] Missing route to pin _17004_/Y.
[WARNING GRT-0026] Missing route to pin _17013_/Y.
[WARNING GRT-0026] Missing route to pin _17013_/Y.
[WARNING GRT-0026] Missing route to pin _17013_/Y.
[WARNING GRT-0026] Missing route to pin _21543_/D.
[WARNING GRT-0026] Missing route to pin _21543_/D.
[WARNING GRT-0026] Missing route to pin _21543_/D.
[WARNING GRT-0026] Missing route to pin _21547_/D.
[WARNING GRT-0026] Missing route to pin _21547_/D.
[WARNING GRT-0026] Missing route to pin _21547_/D.
[WARNING GRT-0026] Missing route to pin _21558_/D.
[WARNING GRT-0026] Missing route to pin _21558_/D.
[WARNING GRT-0026] Missing route to pin _21558_/D.
[WARNING GRT-0026] Missing route to pin _21559_/D.
[WARNING GRT-0026] Missing route to pin _21559_/D.
[WARNING GRT-0026] Missing route to pin _21559_/D.
[WARNING GRT-0026] Missing route to pin _21564_/D.
[WARNING GRT-0026] Missing route to pin _17249_/X.
[WARNING GRT-0026] Missing route to pin _21564_/D.
[WARNING GRT-0026] Missing route to pin _17249_/X.
[WARNING GRT-0026] Missing route to pin _21564_/D.
[WARNING GRT-0026] Missing route to pin _17249_/X.
[WARNING GRT-0026] Missing route to pin _21568_/D.
[WARNING GRT-0026] Missing route to pin _21568_/D.
[WARNING GRT-0026] Missing route to pin _21568_/D.
[WARNING GRT-0026] Missing route to pin _21569_/D.
[WARNING GRT-0026] Missing route to pin _21569_/D.
[WARNING GRT-0026] Missing route to pin _21569_/D.
[WARNING GRT-0026] Missing route to pin _21575_/D.
[WARNING GRT-0026] Missing route to pin _21575_/D.
[WARNING GRT-0026] Missing route to pin _21575_/D.
[WARNING GRT-0026] Missing route to pin _21576_/D.
[WARNING GRT-0026] Missing route to pin _21576_/D.
[WARNING GRT-0026] Missing route to pin _21576_/D.
[WARNING GRT-0026] Missing route to pin _21578_/D.
[WARNING GRT-0026] Missing route to pin _21578_/D.
[WARNING GRT-0026] Missing route to pin _21578_/D.
[WARNING GRT-0026] Missing route to pin _21579_/D.
[WARNING GRT-0026] Missing route to pin _21579_/D.
[WARNING GRT-0026] Missing route to pin _21579_/D.
[WARNING GRT-0026] Missing route to pin _21581_/D.
[WARNING GRT-0026] Missing route to pin _21581_/D.
[WARNING GRT-0026] Missing route to pin _21581_/D.
[WARNING GRT-0026] Missing route to pin _21591_/D.
[WARNING GRT-0026] Missing route to pin _21591_/D.
[WARNING GRT-0026] Missing route to pin _21591_/D.
[WARNING GRT-0026] Missing route to pin _21594_/D.
[WARNING GRT-0026] Missing route to pin _21594_/D.
[WARNING GRT-0026] Missing route to pin _21594_/D.
[WARNING GRT-0026] Missing route to pin _21601_/D.
[WARNING GRT-0026] Missing route to pin _21601_/D.
[WARNING GRT-0026] Missing route to pin _21601_/D.
[WARNING GRT-0026] Missing route to pin _21602_/D.
[WARNING GRT-0026] Missing route to pin _21602_/D.
[WARNING GRT-0026] Missing route to pin _21602_/D.
[WARNING GRT-0026] Missing route to pin _18435_/X.
[WARNING GRT-0026] Missing route to pin _18435_/X.
[WARNING GRT-0026] Missing route to pin _18435_/X.
[WARNING GRT-0026] Missing route to pin _18437_/X.
[WARNING GRT-0026] Missing route to pin _18437_/X.
[WARNING GRT-0026] Missing route to pin _18437_/X.
[WARNING GRT-0026] Missing route to pin _21608_/D.
[WARNING GRT-0026] Missing route to pin _21608_/D.
[WARNING GRT-0026] Missing route to pin _21608_/D.
[WARNING GRT-0026] Missing route to pin _21609_/D.
[WARNING GRT-0026] Missing route to pin _21609_/D.
[WARNING GRT-0026] Missing route to pin _21609_/D.
[WARNING GRT-0026] Missing route to pin _21611_/D.
[WARNING GRT-0026] Missing route to pin _21611_/D.
[WARNING GRT-0026] Missing route to pin _21611_/D.
[WARNING GRT-0026] Missing route to pin _21615_/D.
[WARNING GRT-0026] Missing route to pin _18458_/Y.
[WARNING GRT-0026] Missing route to pin _21615_/D.
[WARNING GRT-0026] Missing route to pin _18458_/Y.
[WARNING GRT-0026] Missing route to pin _21615_/D.
[WARNING GRT-0026] Missing route to pin _18458_/Y.
[WARNING GRT-0026] Missing route to pin _18525_/X.
[WARNING GRT-0026] Missing route to pin _18525_/X.
[WARNING GRT-0026] Missing route to pin _18525_/X.
[WARNING GRT-0026] Missing route to pin _21641_/D.
[WARNING GRT-0026] Missing route to pin _18529_/X.
[WARNING GRT-0026] Missing route to pin _21641_/D.
[WARNING GRT-0026] Missing route to pin _18529_/X.
[WARNING GRT-0026] Missing route to pin _21641_/D.
[WARNING GRT-0026] Missing route to pin _18529_/X.
[WARNING GRT-0026] Missing route to pin _21648_/D.
[WARNING GRT-0026] Missing route to pin _21648_/D.
[WARNING GRT-0026] Missing route to pin _21648_/D.
[WARNING GRT-0026] Missing route to pin _18555_/Y.
[WARNING GRT-0026] Missing route to pin _18555_/Y.
[WARNING GRT-0026] Missing route to pin _18555_/Y.
[WARNING GRT-0026] Missing route to pin _21656_/D.
[WARNING GRT-0026] Missing route to pin _21656_/D.
[WARNING GRT-0026] Missing route to pin _21656_/D.
[WARNING GRT-0026] Missing route to pin _21658_/D.
[WARNING GRT-0026] Missing route to pin _18583_/X.
[WARNING GRT-0026] Missing route to pin _21658_/D.
[WARNING GRT-0026] Missing route to pin _18583_/X.
[WARNING GRT-0026] Missing route to pin _21658_/D.
[WARNING GRT-0026] Missing route to pin _18583_/X.
[WARNING GRT-0026] Missing route to pin _21668_/D.
[WARNING GRT-0026] Missing route to pin _21668_/D.
[WARNING GRT-0026] Missing route to pin _21668_/D.
[WARNING GRT-0026] Missing route to pin _21669_/D.
[WARNING GRT-0026] Missing route to pin _18608_/X.
[WARNING GRT-0026] Missing route to pin _21669_/D.
[WARNING GRT-0026] Missing route to pin _18608_/X.
[WARNING GRT-0026] Missing route to pin _21669_/D.
[WARNING GRT-0026] Missing route to pin _18608_/X.
[WARNING GRT-0026] Missing route to pin _18610_/X.
[WARNING GRT-0026] Missing route to pin _18610_/X.
[WARNING GRT-0026] Missing route to pin _18610_/X.
[WARNING GRT-0026] Missing route to pin _21671_/D.
[WARNING GRT-0026] Missing route to pin _21671_/D.
[WARNING GRT-0026] Missing route to pin _21671_/D.
[WARNING GRT-0026] Missing route to pin _18614_/X.
[WARNING GRT-0026] Missing route to pin _18614_/X.
[WARNING GRT-0026] Missing route to pin _18614_/X.
[WARNING GRT-0026] Missing route to pin _21673_/D.
[WARNING GRT-0026] Missing route to pin _21673_/D.
[WARNING GRT-0026] Missing route to pin _21673_/D.
[WARNING GRT-0026] Missing route to pin _21674_/D.
[WARNING GRT-0026] Missing route to pin _18618_/X.
[WARNING GRT-0026] Missing route to pin _21674_/D.
[WARNING GRT-0026] Missing route to pin _18618_/X.
[WARNING GRT-0026] Missing route to pin _21674_/D.
[WARNING GRT-0026] Missing route to pin _18618_/X.
[WARNING GRT-0026] Missing route to pin _21679_/D.
[WARNING GRT-0026] Missing route to pin _18633_/Y.
[WARNING GRT-0026] Missing route to pin _21679_/D.
[WARNING GRT-0026] Missing route to pin _18633_/Y.
[WARNING GRT-0026] Missing route to pin _21679_/D.
[WARNING GRT-0026] Missing route to pin _18633_/Y.
[WARNING GRT-0026] Missing route to pin _18642_/Y.
[WARNING GRT-0026] Missing route to pin _18642_/Y.
[WARNING GRT-0026] Missing route to pin _18642_/Y.
[WARNING GRT-0026] Missing route to pin _21688_/D.
[WARNING GRT-0026] Missing route to pin _21688_/D.
[WARNING GRT-0026] Missing route to pin _21688_/D.
[WARNING GRT-0026] Missing route to pin _21692_/D.
[WARNING GRT-0026] Missing route to pin _21692_/D.
[WARNING GRT-0026] Missing route to pin _21692_/D.
[WARNING GRT-0026] Missing route to pin _21701_/D.
[WARNING GRT-0026] Missing route to pin _18706_/X.
[WARNING GRT-0026] Missing route to pin _21701_/D.
[WARNING GRT-0026] Missing route to pin _18706_/X.
[WARNING GRT-0026] Missing route to pin _21701_/D.
[WARNING GRT-0026] Missing route to pin _18706_/X.
[WARNING GRT-0026] Missing route to pin _18715_/X.
[WARNING GRT-0026] Missing route to pin _18715_/X.
[WARNING GRT-0026] Missing route to pin _18715_/X.
[WARNING GRT-0026] Missing route to pin _21704_/D.
[WARNING GRT-0026] Missing route to pin _21704_/D.
[WARNING GRT-0026] Missing route to pin _21704_/D.
[WARNING GRT-0026] Missing route to pin _21709_/D.
[WARNING GRT-0026] Missing route to pin _18734_/X.
[WARNING GRT-0026] Missing route to pin _21709_/D.
[WARNING GRT-0026] Missing route to pin _18734_/X.
[WARNING GRT-0026] Missing route to pin _21709_/D.
[WARNING GRT-0026] Missing route to pin _18734_/X.
[WARNING GRT-0026] Missing route to pin _21711_/D.
[WARNING GRT-0026] Missing route to pin _21711_/D.
[WARNING GRT-0026] Missing route to pin _21711_/D.
[WARNING GRT-0026] Missing route to pin _21712_/D.
[WARNING GRT-0026] Missing route to pin _21712_/D.
[WARNING GRT-0026] Missing route to pin _21712_/D.
[WARNING GRT-0026] Missing route to pin _21714_/D.
[WARNING GRT-0026] Missing route to pin _21714_/D.
[WARNING GRT-0026] Missing route to pin _21714_/D.
[WARNING GRT-0026] Missing route to pin _21715_/D.
[WARNING GRT-0026] Missing route to pin _21715_/D.
[WARNING GRT-0026] Missing route to pin _21715_/D.
[WARNING GRT-0026] Missing route to pin _21717_/D.
[WARNING GRT-0026] Missing route to pin _21717_/D.
[WARNING GRT-0026] Missing route to pin _21717_/D.
[WARNING GRT-0026] Missing route to pin _21724_/D.
[WARNING GRT-0026] Missing route to pin _21724_/D.
[WARNING GRT-0026] Missing route to pin _21724_/D.
[WARNING GRT-0026] Missing route to pin _21728_/D.
[WARNING GRT-0026] Missing route to pin _21728_/D.
[WARNING GRT-0026] Missing route to pin _21728_/D.
[WARNING GRT-0026] Missing route to pin _21730_/D.
[WARNING GRT-0026] Missing route to pin _21730_/D.
[WARNING GRT-0026] Missing route to pin _21730_/D.
[WARNING GRT-0026] Missing route to pin _21731_/D.
[WARNING GRT-0026] Missing route to pin _21731_/D.
[WARNING GRT-0026] Missing route to pin _21731_/D.
[WARNING GRT-0026] Missing route to pin _21734_/D.
[WARNING GRT-0026] Missing route to pin _21734_/D.
[WARNING GRT-0026] Missing route to pin _21734_/D.
[WARNING GRT-0026] Missing route to pin _21735_/D.
[WARNING GRT-0026] Missing route to pin _21735_/D.
[WARNING GRT-0026] Missing route to pin _21735_/D.
[WARNING GRT-0026] Missing route to pin _21742_/D.
[WARNING GRT-0026] Missing route to pin _21742_/D.
[WARNING GRT-0026] Missing route to pin _21742_/D.
[WARNING GRT-0026] Missing route to pin _21743_/D.
[WARNING GRT-0026] Missing route to pin _21743_/D.
[WARNING GRT-0026] Missing route to pin _21743_/D.
[WARNING GRT-0026] Missing route to pin _21744_/D.
[WARNING GRT-0026] Missing route to pin _21744_/D.
[WARNING GRT-0026] Missing route to pin _21744_/D.
[WARNING GRT-0026] Missing route to pin _18846_/X.
[WARNING GRT-0026] Missing route to pin _18846_/X.
[WARNING GRT-0026] Missing route to pin _18846_/X.
[WARNING GRT-0026] Missing route to pin _21746_/D.
[WARNING GRT-0026] Missing route to pin _21746_/D.
[WARNING GRT-0026] Missing route to pin _21746_/D.
[WARNING GRT-0026] Missing route to pin _18857_/X.
[WARNING GRT-0026] Missing route to pin _18857_/X.
[WARNING GRT-0026] Missing route to pin _18857_/X.
[WARNING GRT-0026] Missing route to pin _21751_/D.
[WARNING GRT-0026] Missing route to pin _21751_/D.
[WARNING GRT-0026] Missing route to pin _21751_/D.
[WARNING GRT-0026] Missing route to pin _21752_/D.
[WARNING GRT-0026] Missing route to pin _21752_/D.
[WARNING GRT-0026] Missing route to pin _21752_/D.
[WARNING GRT-0026] Missing route to pin _18874_/X.
[WARNING GRT-0026] Missing route to pin _18874_/X.
[WARNING GRT-0026] Missing route to pin _18874_/X.
[WARNING GRT-0026] Missing route to pin _21755_/D.
[WARNING GRT-0026] Missing route to pin _21755_/D.
[WARNING GRT-0026] Missing route to pin _21755_/D.
[WARNING GRT-0026] Missing route to pin _21758_/D.
[WARNING GRT-0026] Missing route to pin _21758_/D.
[WARNING GRT-0026] Missing route to pin _21758_/D.
[WARNING GRT-0026] Missing route to pin _21761_/D.
[WARNING GRT-0026] Missing route to pin _21761_/D.
[WARNING GRT-0026] Missing route to pin _21761_/D.
[WARNING GRT-0026] Missing route to pin _21767_/D.
[WARNING GRT-0026] Missing route to pin _21767_/D.
[WARNING GRT-0026] Missing route to pin _21767_/D.
[WARNING GRT-0026] Missing route to pin _21770_/D.
[WARNING GRT-0026] Missing route to pin _21770_/D.
[WARNING GRT-0026] Missing route to pin _21770_/D.
[WARNING GRT-0026] Missing route to pin _21771_/D.
[WARNING GRT-0026] Missing route to pin _21771_/D.
[WARNING GRT-0026] Missing route to pin _21771_/D.
[WARNING GRT-0026] Missing route to pin _21772_/D.
[WARNING GRT-0026] Missing route to pin _21772_/D.
[WARNING GRT-0026] Missing route to pin _21772_/D.
[WARNING GRT-0026] Missing route to pin _21773_/D.
[WARNING GRT-0026] Missing route to pin _18925_/X.
[WARNING GRT-0026] Missing route to pin _21773_/D.
[WARNING GRT-0026] Missing route to pin _18925_/X.
[WARNING GRT-0026] Missing route to pin _21773_/D.
[WARNING GRT-0026] Missing route to pin _18925_/X.
[WARNING GRT-0026] Missing route to pin _21775_/D.
[WARNING GRT-0026] Missing route to pin _18932_/Y.
[WARNING GRT-0026] Missing route to pin _21775_/D.
[WARNING GRT-0026] Missing route to pin _18932_/Y.
[WARNING GRT-0026] Missing route to pin _21775_/D.
[WARNING GRT-0026] Missing route to pin _18932_/Y.
[WARNING GRT-0026] Missing route to pin _18938_/Y.
[WARNING GRT-0026] Missing route to pin _18938_/Y.
[WARNING GRT-0026] Missing route to pin _18938_/Y.
[WARNING GRT-0026] Missing route to pin _21779_/D.
[WARNING GRT-0026] Missing route to pin _18944_/Y.
[WARNING GRT-0026] Missing route to pin _21779_/D.
[WARNING GRT-0026] Missing route to pin _18944_/Y.
[WARNING GRT-0026] Missing route to pin _21779_/D.
[WARNING GRT-0026] Missing route to pin _18944_/Y.
[WARNING GRT-0026] Missing route to pin _21787_/D.
[WARNING GRT-0026] Missing route to pin _21787_/D.
[WARNING GRT-0026] Missing route to pin _21787_/D.
[WARNING GRT-0026] Missing route to pin _21788_/D.
[WARNING GRT-0026] Missing route to pin _21788_/D.
[WARNING GRT-0026] Missing route to pin _21788_/D.
[WARNING GRT-0026] Missing route to pin _21789_/D.
[WARNING GRT-0026] Missing route to pin _21789_/D.
[WARNING GRT-0026] Missing route to pin _21789_/D.
[WARNING GRT-0026] Missing route to pin _18992_/X.
[WARNING GRT-0026] Missing route to pin _18992_/X.
[WARNING GRT-0026] Missing route to pin _18992_/X.
[WARNING GRT-0026] Missing route to pin _19012_/X.
[WARNING GRT-0026] Missing route to pin _19012_/X.
[WARNING GRT-0026] Missing route to pin _19012_/X.
[WARNING GRT-0026] Missing route to pin _21802_/D.
[WARNING GRT-0026] Missing route to pin _21802_/D.
[WARNING GRT-0026] Missing route to pin _21802_/D.
[WARNING GRT-0026] Missing route to pin _19024_/X.
[WARNING GRT-0026] Missing route to pin _19024_/X.
[WARNING GRT-0026] Missing route to pin _19024_/X.
[WARNING GRT-0026] Missing route to pin _21804_/D.
[WARNING GRT-0026] Missing route to pin _19027_/X.
[WARNING GRT-0026] Missing route to pin _21804_/D.
[WARNING GRT-0026] Missing route to pin _19027_/X.
[WARNING GRT-0026] Missing route to pin _21804_/D.
[WARNING GRT-0026] Missing route to pin _19027_/X.
[WARNING GRT-0026] Missing route to pin _19030_/X.
[WARNING GRT-0026] Missing route to pin _19030_/X.
[WARNING GRT-0026] Missing route to pin _19030_/X.
[WARNING GRT-0026] Missing route to pin _21807_/D.
[WARNING GRT-0026] Missing route to pin _21807_/D.
[WARNING GRT-0026] Missing route to pin _21807_/D.
[WARNING GRT-0026] Missing route to pin _21817_/D.
[WARNING GRT-0026] Missing route to pin _21817_/D.
[WARNING GRT-0026] Missing route to pin _21817_/D.
[WARNING GRT-0026] Missing route to pin _19084_/Y.
[WARNING GRT-0026] Missing route to pin _19084_/Y.
[WARNING GRT-0026] Missing route to pin _19084_/Y.
[WARNING GRT-0026] Missing route to pin _19096_/X.
[WARNING GRT-0026] Missing route to pin _19096_/X.
[WARNING GRT-0026] Missing route to pin _19096_/X.
[WARNING GRT-0026] Missing route to pin _21824_/D.
[WARNING GRT-0026] Missing route to pin _21824_/D.
[WARNING GRT-0026] Missing route to pin _21824_/D.
[WARNING GRT-0026] Missing route to pin _21828_/D.
[WARNING GRT-0026] Missing route to pin _19111_/X.
[WARNING GRT-0026] Missing route to pin _21828_/D.
[WARNING GRT-0026] Missing route to pin _19111_/X.
[WARNING GRT-0026] Missing route to pin _21828_/D.
[WARNING GRT-0026] Missing route to pin _19111_/X.
[WARNING GRT-0026] Missing route to pin _21830_/D.
[WARNING GRT-0026] Missing route to pin _19115_/X.
[WARNING GRT-0026] Missing route to pin _21830_/D.
[WARNING GRT-0026] Missing route to pin _19115_/X.
[WARNING GRT-0026] Missing route to pin _21830_/D.
[WARNING GRT-0026] Missing route to pin _19115_/X.
[WARNING GRT-0026] Missing route to pin _21832_/D.
[WARNING GRT-0026] Missing route to pin _21832_/D.
[WARNING GRT-0026] Missing route to pin _21832_/D.
[WARNING GRT-0026] Missing route to pin _21833_/D.
[WARNING GRT-0026] Missing route to pin _21833_/D.
[WARNING GRT-0026] Missing route to pin _21833_/D.
[WARNING GRT-0026] Missing route to pin _19125_/X.
[WARNING GRT-0026] Missing route to pin _19125_/X.
[WARNING GRT-0026] Missing route to pin _19125_/X.
[WARNING GRT-0026] Missing route to pin _21836_/D.
[WARNING GRT-0026] Missing route to pin _21836_/D.
[WARNING GRT-0026] Missing route to pin _21836_/D.
[WARNING GRT-0026] Missing route to pin _21841_/D.
[WARNING GRT-0026] Missing route to pin _21841_/D.
[WARNING GRT-0026] Missing route to pin _21841_/D.
[WARNING GRT-0026] Missing route to pin _21842_/D.
[WARNING GRT-0026] Missing route to pin _21842_/D.
[WARNING GRT-0026] Missing route to pin _21842_/D.
[WARNING GRT-0026] Missing route to pin _21845_/D.
[WARNING GRT-0026] Missing route to pin _21845_/D.
[WARNING GRT-0026] Missing route to pin _21845_/D.
[WARNING GRT-0026] Missing route to pin _19171_/Y.
[WARNING GRT-0026] Missing route to pin _19171_/Y.
[WARNING GRT-0026] Missing route to pin _19171_/Y.
[WARNING GRT-0026] Missing route to pin _19174_/Y.
[WARNING GRT-0026] Missing route to pin _19174_/Y.
[WARNING GRT-0026] Missing route to pin _19174_/Y.
[WARNING GRT-0026] Missing route to pin _21852_/D.
[WARNING GRT-0026] Missing route to pin _21852_/D.
[WARNING GRT-0026] Missing route to pin _21852_/D.
[WARNING GRT-0026] Missing route to pin _21855_/D.
[WARNING GRT-0026] Missing route to pin _21855_/D.
[WARNING GRT-0026] Missing route to pin _21855_/D.
[WARNING GRT-0026] Missing route to pin _21857_/D.
[WARNING GRT-0026] Missing route to pin _21857_/D.
[WARNING GRT-0026] Missing route to pin _21857_/D.
[WARNING GRT-0026] Missing route to pin _19197_/X.
[WARNING GRT-0026] Missing route to pin _19197_/X.
[WARNING GRT-0026] Missing route to pin _19197_/X.
[WARNING GRT-0026] Missing route to pin _19199_/X.
[WARNING GRT-0026] Missing route to pin _19199_/X.
[WARNING GRT-0026] Missing route to pin _19199_/X.
[WARNING GRT-0026] Missing route to pin _21861_/D.
[WARNING GRT-0026] Missing route to pin _19201_/X.
[WARNING GRT-0026] Missing route to pin _21861_/D.
[WARNING GRT-0026] Missing route to pin _19201_/X.
[WARNING GRT-0026] Missing route to pin _21861_/D.
[WARNING GRT-0026] Missing route to pin _19201_/X.
[WARNING GRT-0026] Missing route to pin _21862_/D.
[WARNING GRT-0026] Missing route to pin _19203_/X.
[WARNING GRT-0026] Missing route to pin _21862_/D.
[WARNING GRT-0026] Missing route to pin _19203_/X.
[WARNING GRT-0026] Missing route to pin _21862_/D.
[WARNING GRT-0026] Missing route to pin _19203_/X.
[WARNING GRT-0026] Missing route to pin _19207_/X.
[WARNING GRT-0026] Missing route to pin _19207_/X.
[WARNING GRT-0026] Missing route to pin _19207_/X.
[WARNING GRT-0026] Missing route to pin _21864_/D.
[WARNING GRT-0026] Missing route to pin _19209_/X.
[WARNING GRT-0026] Missing route to pin _21864_/D.
[WARNING GRT-0026] Missing route to pin _19209_/X.
[WARNING GRT-0026] Missing route to pin _21864_/D.
[WARNING GRT-0026] Missing route to pin _19209_/X.
[WARNING GRT-0026] Missing route to pin _21867_/D.
[WARNING GRT-0026] Missing route to pin _21867_/D.
[WARNING GRT-0026] Missing route to pin _21867_/D.
[WARNING GRT-0026] Missing route to pin _21868_/D.
[WARNING GRT-0026] Missing route to pin _19217_/X.
[WARNING GRT-0026] Missing route to pin _21868_/D.
[WARNING GRT-0026] Missing route to pin _19217_/X.
[WARNING GRT-0026] Missing route to pin _21868_/D.
[WARNING GRT-0026] Missing route to pin _19217_/X.
[WARNING GRT-0026] Missing route to pin _21875_/D.
[WARNING GRT-0026] Missing route to pin _21875_/D.
[WARNING GRT-0026] Missing route to pin _21875_/D.
[WARNING GRT-0026] Missing route to pin _21876_/D.
[WARNING GRT-0026] Missing route to pin _21876_/D.
[WARNING GRT-0026] Missing route to pin _21876_/D.
[WARNING GRT-0026] Missing route to pin _19246_/Y.
[WARNING GRT-0026] Missing route to pin _19246_/Y.
[WARNING GRT-0026] Missing route to pin _19246_/Y.
[WARNING GRT-0026] Missing route to pin _19264_/Y.
[WARNING GRT-0026] Missing route to pin _19264_/Y.
[WARNING GRT-0026] Missing route to pin _19264_/Y.
[WARNING GRT-0026] Missing route to pin _21884_/D.
[WARNING GRT-0026] Missing route to pin _21884_/D.
[WARNING GRT-0026] Missing route to pin _21884_/D.
[WARNING GRT-0026] Missing route to pin _19271_/X.
[WARNING GRT-0026] Missing route to pin _19271_/X.
[WARNING GRT-0026] Missing route to pin _19271_/X.
[WARNING GRT-0026] Missing route to pin _21888_/D.
[WARNING GRT-0026] Missing route to pin _21888_/D.
[WARNING GRT-0026] Missing route to pin _21888_/D.
[WARNING GRT-0026] Missing route to pin _19280_/X.
[WARNING GRT-0026] Missing route to pin _19280_/X.
[WARNING GRT-0026] Missing route to pin _19280_/X.
[WARNING GRT-0026] Missing route to pin _19282_/X.
[WARNING GRT-0026] Missing route to pin _19282_/X.
[WARNING GRT-0026] Missing route to pin _19282_/X.
[WARNING GRT-0026] Missing route to pin _21891_/D.
[WARNING GRT-0026] Missing route to pin _21891_/D.
[WARNING GRT-0026] Missing route to pin _21891_/D.
[WARNING GRT-0026] Missing route to pin _19286_/X.
[WARNING GRT-0026] Missing route to pin _19286_/X.
[WARNING GRT-0026] Missing route to pin _19286_/X.
[WARNING GRT-0026] Missing route to pin _21893_/D.
[WARNING GRT-0026] Missing route to pin _21893_/D.
[WARNING GRT-0026] Missing route to pin _21893_/D.
[WARNING GRT-0026] Missing route to pin _21894_/D.
[WARNING GRT-0026] Missing route to pin _21894_/D.
[WARNING GRT-0026] Missing route to pin _21894_/D.
[WARNING GRT-0026] Missing route to pin _21896_/D.
[WARNING GRT-0026] Missing route to pin _19296_/X.
[WARNING GRT-0026] Missing route to pin _21896_/D.
[WARNING GRT-0026] Missing route to pin _19296_/X.
[WARNING GRT-0026] Missing route to pin _21896_/D.
[WARNING GRT-0026] Missing route to pin _19296_/X.
[WARNING GRT-0026] Missing route to pin _21904_/D.
[WARNING GRT-0026] Missing route to pin _21904_/D.
[WARNING GRT-0026] Missing route to pin _21904_/D.
[WARNING GRT-0026] Missing route to pin _21908_/D.
[WARNING GRT-0026] Missing route to pin _21908_/D.
[WARNING GRT-0026] Missing route to pin _21908_/D.
[WARNING GRT-0026] Missing route to pin _19336_/Y.
[WARNING GRT-0026] Missing route to pin _19336_/Y.
[WARNING GRT-0026] Missing route to pin _19336_/Y.
[WARNING GRT-0026] Missing route to pin _19348_/Y.
[WARNING GRT-0026] Missing route to pin _19348_/Y.
[WARNING GRT-0026] Missing route to pin _19348_/Y.
[WARNING GRT-0026] Missing route to pin _19351_/Y.
[WARNING GRT-0026] Missing route to pin _19351_/Y.
[WARNING GRT-0026] Missing route to pin _19351_/Y.
[WARNING GRT-0026] Missing route to pin _21916_/D.
[WARNING GRT-0026] Missing route to pin _21916_/D.
[WARNING GRT-0026] Missing route to pin _21916_/D.
[WARNING GRT-0026] Missing route to pin _19358_/X.
[WARNING GRT-0026] Missing route to pin _19358_/X.
[WARNING GRT-0026] Missing route to pin _19358_/X.
[WARNING GRT-0026] Missing route to pin _21920_/D.
[WARNING GRT-0026] Missing route to pin _19365_/X.
[WARNING GRT-0026] Missing route to pin _21920_/D.
[WARNING GRT-0026] Missing route to pin _19365_/X.
[WARNING GRT-0026] Missing route to pin _21920_/D.
[WARNING GRT-0026] Missing route to pin _19365_/X.
[WARNING GRT-0026] Missing route to pin _21921_/D.
[WARNING GRT-0026] Missing route to pin _21921_/D.
[WARNING GRT-0026] Missing route to pin _21921_/D.
[WARNING GRT-0026] Missing route to pin _21923_/D.
[WARNING GRT-0026] Missing route to pin _21923_/D.
[WARNING GRT-0026] Missing route to pin _21923_/D.
[WARNING GRT-0026] Missing route to pin _19373_/X.
[WARNING GRT-0026] Missing route to pin _19373_/X.
[WARNING GRT-0026] Missing route to pin _19373_/X.
[WARNING GRT-0026] Missing route to pin _21926_/D.
[WARNING GRT-0026] Missing route to pin _21926_/D.
[WARNING GRT-0026] Missing route to pin _21926_/D.
[WARNING GRT-0026] Missing route to pin _21937_/D.
[WARNING GRT-0026] Missing route to pin _21937_/D.
[WARNING GRT-0026] Missing route to pin _21937_/D.
[WARNING GRT-0026] Missing route to pin _21939_/D.
[WARNING GRT-0026] Missing route to pin _21939_/D.
[WARNING GRT-0026] Missing route to pin _21939_/D.
[WARNING GRT-0026] Missing route to pin _21941_/D.
[WARNING GRT-0026] Missing route to pin _21941_/D.
[WARNING GRT-0026] Missing route to pin _21941_/D.
[WARNING GRT-0026] Missing route to pin _21946_/D.
[WARNING GRT-0026] Missing route to pin _19435_/Y.
[WARNING GRT-0026] Missing route to pin _21946_/D.
[WARNING GRT-0026] Missing route to pin _19435_/Y.
[WARNING GRT-0026] Missing route to pin _21946_/D.
[WARNING GRT-0026] Missing route to pin _19435_/Y.
[WARNING GRT-0026] Missing route to pin _21948_/D.
[WARNING GRT-0026] Missing route to pin _21948_/D.
[WARNING GRT-0026] Missing route to pin _21948_/D.
[WARNING GRT-0026] Missing route to pin _21949_/D.
[WARNING GRT-0026] Missing route to pin _21949_/D.
[WARNING GRT-0026] Missing route to pin _21949_/D.
[WARNING GRT-0026] Missing route to pin _21950_/D.
[WARNING GRT-0026] Missing route to pin _21950_/D.
[WARNING GRT-0026] Missing route to pin _21950_/D.
[WARNING GRT-0026] Missing route to pin _21951_/D.
[WARNING GRT-0026] Missing route to pin _21951_/D.
[WARNING GRT-0026] Missing route to pin _21951_/D.
[WARNING GRT-0026] Missing route to pin _19454_/X.
[WARNING GRT-0026] Missing route to pin _19454_/X.
[WARNING GRT-0026] Missing route to pin _19454_/X.
[WARNING GRT-0026] Missing route to pin _21954_/D.
[WARNING GRT-0026] Missing route to pin _21954_/D.
[WARNING GRT-0026] Missing route to pin _21954_/D.
[WARNING GRT-0026] Missing route to pin _21955_/D.
[WARNING GRT-0026] Missing route to pin _21955_/D.
[WARNING GRT-0026] Missing route to pin _21955_/D.
[WARNING GRT-0026] Missing route to pin _19461_/X.
[WARNING GRT-0026] Missing route to pin _19461_/X.
[WARNING GRT-0026] Missing route to pin _19461_/X.
[WARNING GRT-0026] Missing route to pin _21957_/D.
[WARNING GRT-0026] Missing route to pin _21957_/D.
[WARNING GRT-0026] Missing route to pin _21957_/D.
[WARNING GRT-0026] Missing route to pin _19470_/X.
[WARNING GRT-0026] Missing route to pin _19470_/X.
[WARNING GRT-0026] Missing route to pin _19470_/X.
[WARNING GRT-0026] Missing route to pin _21964_/D.
[WARNING GRT-0026] Missing route to pin _21964_/D.
[WARNING GRT-0026] Missing route to pin _21964_/D.
[WARNING GRT-0026] Missing route to pin _21972_/D.
[WARNING GRT-0026] Missing route to pin _21972_/D.
[WARNING GRT-0026] Missing route to pin _21972_/D.
[WARNING GRT-0026] Missing route to pin _21973_/D.
[WARNING GRT-0026] Missing route to pin _21973_/D.
[WARNING GRT-0026] Missing route to pin _21973_/D.
[WARNING GRT-0026] Missing route to pin _21975_/D.
[WARNING GRT-0026] Missing route to pin _21975_/D.
[WARNING GRT-0026] Missing route to pin _21975_/D.
[WARNING GRT-0026] Missing route to pin _21979_/D.
[WARNING GRT-0026] Missing route to pin _21979_/D.
[WARNING GRT-0026] Missing route to pin _21979_/D.
[WARNING GRT-0026] Missing route to pin _21980_/D.
[WARNING GRT-0026] Missing route to pin _19535_/X.
[WARNING GRT-0026] Missing route to pin _21980_/D.
[WARNING GRT-0026] Missing route to pin _19535_/X.
[WARNING GRT-0026] Missing route to pin _21980_/D.
[WARNING GRT-0026] Missing route to pin _19535_/X.
[WARNING GRT-0026] Missing route to pin _21981_/D.
[WARNING GRT-0026] Missing route to pin _21981_/D.
[WARNING GRT-0026] Missing route to pin _21981_/D.
[WARNING GRT-0026] Missing route to pin _21982_/D.
[WARNING GRT-0026] Missing route to pin _21982_/D.
[WARNING GRT-0026] Missing route to pin _21982_/D.
[WARNING GRT-0026] Missing route to pin _19554_/X.
[WARNING GRT-0026] Missing route to pin _19554_/X.
[WARNING GRT-0026] Missing route to pin _19554_/X.
[WARNING GRT-0026] Missing route to pin _21988_/D.
[WARNING GRT-0026] Missing route to pin _19560_/X.
[WARNING GRT-0026] Missing route to pin _21988_/D.
[WARNING GRT-0026] Missing route to pin _19560_/X.
[WARNING GRT-0026] Missing route to pin _21988_/D.
[WARNING GRT-0026] Missing route to pin _19560_/X.
[WARNING GRT-0026] Missing route to pin _21996_/D.
[WARNING GRT-0026] Missing route to pin _21996_/D.
[WARNING GRT-0026] Missing route to pin _21996_/D.
[WARNING GRT-0026] Missing route to pin _19604_/Y.
[WARNING GRT-0026] Missing route to pin _19604_/Y.
[WARNING GRT-0026] Missing route to pin _19604_/Y.
[WARNING GRT-0026] Missing route to pin _22001_/D.
[WARNING GRT-0026] Missing route to pin _22001_/D.
[WARNING GRT-0026] Missing route to pin _22001_/D.
[WARNING GRT-0026] Missing route to pin _22004_/D.
[WARNING GRT-0026] Missing route to pin _22004_/D.
[WARNING GRT-0026] Missing route to pin _22004_/D.
[WARNING GRT-0026] Missing route to pin _22007_/D.
[WARNING GRT-0026] Missing route to pin _22007_/D.
[WARNING GRT-0026] Missing route to pin _22007_/D.
[WARNING GRT-0026] Missing route to pin _22016_/D.
[WARNING GRT-0026] Missing route to pin _22016_/D.
[WARNING GRT-0026] Missing route to pin _22016_/D.
[WARNING GRT-0026] Missing route to pin _22018_/D.
[WARNING GRT-0026] Missing route to pin _22018_/D.
[WARNING GRT-0026] Missing route to pin _22018_/D.
[WARNING GRT-0026] Missing route to pin _19667_/X.
[WARNING GRT-0026] Missing route to pin _19667_/X.
[WARNING GRT-0026] Missing route to pin _19667_/X.
[WARNING GRT-0026] Missing route to pin _22022_/D.
[WARNING GRT-0026] Missing route to pin _22022_/D.
[WARNING GRT-0026] Missing route to pin _22022_/D.
[WARNING GRT-0026] Missing route to pin _22026_/D.
[WARNING GRT-0026] Missing route to pin _22026_/D.
[WARNING GRT-0026] Missing route to pin _22026_/D.
[WARNING GRT-0026] Missing route to pin _22032_/D.
[WARNING GRT-0026] Missing route to pin _22032_/D.
[WARNING GRT-0026] Missing route to pin _22032_/D.
[WARNING GRT-0026] Missing route to pin _19703_/X.
[WARNING GRT-0026] Missing route to pin _19703_/X.
[WARNING GRT-0026] Missing route to pin _19703_/X.
[WARNING GRT-0026] Missing route to pin _19741_/X.
[WARNING GRT-0026] Missing route to pin _19741_/X.
[WARNING GRT-0026] Missing route to pin _19741_/X.
[WARNING GRT-0026] Missing route to pin _19747_/X.
[WARNING GRT-0026] Missing route to pin _19747_/X.
[WARNING GRT-0026] Missing route to pin _19747_/X.
[WARNING GRT-0026] Missing route to pin _19749_/X.
[WARNING GRT-0026] Missing route to pin _19749_/X.
[WARNING GRT-0026] Missing route to pin _19749_/X.
[WARNING GRT-0026] Missing route to pin _22060_/D.
[WARNING GRT-0026] Missing route to pin _22060_/D.
[WARNING GRT-0026] Missing route to pin _22060_/D.
[WARNING GRT-0026] Missing route to pin _22063_/D.
[WARNING GRT-0026] Missing route to pin _22063_/D.
[WARNING GRT-0026] Missing route to pin _22063_/D.
[WARNING GRT-0026] Missing route to pin _19781_/Y.
[WARNING GRT-0026] Missing route to pin _19781_/Y.
[WARNING GRT-0026] Missing route to pin _19781_/Y.
[WARNING GRT-0026] Missing route to pin _19796_/Y.
[WARNING GRT-0026] Missing route to pin _19796_/Y.
[WARNING GRT-0026] Missing route to pin _19796_/Y.
[WARNING GRT-0026] Missing route to pin _22077_/D.
[WARNING GRT-0026] Missing route to pin _22077_/D.
[WARNING GRT-0026] Missing route to pin _22077_/D.
[WARNING GRT-0026] Missing route to pin _22084_/D.
[WARNING GRT-0026] Missing route to pin _22084_/D.
[WARNING GRT-0026] Missing route to pin _22084_/D.
[WARNING GRT-0026] Missing route to pin _22088_/D.
[WARNING GRT-0026] message limit reached, this message will no longer print
[INFO RSZ-0046] Found 78 endpoints with hold violations.
[INFO GRT-0009] rerouting 2 nets.
[INFO GRT-0001] Minimum degree: 2
[INFO GRT-0002] Maximum degree: 4
[INFO GRT-0009] rerouting 2 nets.
[INFO GRT-0001] Minimum degree: 2
[INFO GRT-0002] Maximum degree: 4
[INFO GRT-0009] rerouting 2 nets.
[INFO GRT-0001] Minimum degree: 2
[INFO GRT-0002] Maximum degree: 3
[INFO GRT-0009] rerouting 2 nets.
[INFO GRT-0001] Minimum degree: 2
[INFO GRT-0002] Maximum degree: 4
[INFO GRT-0009] rerouting 2 nets.
[INFO GRT-0001] Minimum degree: 2
[INFO GRT-0002] Maximum degree: 4
[INFO GRT-0009] rerouting 2 nets.
[INFO GRT-0001] Minimum degree: 2
[INFO GRT-0002] Maximum degree: 4
[INFO GRT-0009] rerouting 2 nets.
[INFO GRT-0001] Minimum degree: 2
[INFO GRT-0002] Maximum degree: 4
[INFO GRT-0009] rerouting 2 nets.
[INFO GRT-0001] Minimum degree: 2
[INFO GRT-0002] Maximum degree: 4
[INFO GRT-0009] rerouting 2 nets.
[INFO GRT-0001] Minimum degree: 2
[INFO GRT-0002] Maximum degree: 4
[INFO GRT-0009] rerouting 2 nets.
[INFO GRT-0001] Minimum degree: 2
[INFO GRT-0002] Maximum degree: 4
[INFO GRT-0009] rerouting 2 nets.
[INFO GRT-0001] Minimum degree: 2
[INFO GRT-0002] Maximum degree: 4
[INFO GRT-0009] rerouting 2 nets.
[INFO GRT-0001] Minimum degree: 2
[INFO GRT-0002] Maximum degree: 4
[INFO GRT-0009] rerouting 2 nets.
[INFO GRT-0001] Minimum degree: 2
[INFO GRT-0002] Maximum degree: 4
[INFO GRT-0009] rerouting 2 nets.
[INFO GRT-0001] Minimum degree: 2
[INFO GRT-0002] Maximum degree: 3
[INFO GRT-0009] rerouting 2 nets.
[INFO GRT-0001] Minimum degree: 2
[INFO GRT-0002] Maximum degree: 4
[INFO GRT-0009] rerouting 2 nets.
[INFO GRT-0001] Minimum degree: 2
[INFO GRT-0002] Maximum degree: 3
[INFO GRT-0009] rerouting 2 nets.
[INFO GRT-0001] Minimum degree: 2
[INFO GRT-0002] Maximum degree: 2
[INFO GRT-0009] rerouting 2 nets.
[INFO GRT-0001] Minimum degree: 2
[INFO GRT-0002] Maximum degree: 4
[INFO GRT-0009] rerouting 2 nets.
[INFO GRT-0001] Minimum degree: 2
[INFO GRT-0002] Maximum degree: 4
[INFO GRT-0009] rerouting 2 nets.
[INFO GRT-0001] Minimum degree: 2
[INFO GRT-0002] Maximum degree: 4
[INFO GRT-0009] rerouting 2 nets.
[INFO GRT-0001] Minimum degree: 2
[INFO GRT-0002] Maximum degree: 4
[INFO GRT-0009] rerouting 2 nets.
[INFO GRT-0001] Minimum degree: 2
[INFO GRT-0002] Maximum degree: 4
[INFO GRT-0009] rerouting 2 nets.
[INFO GRT-0001] Minimum degree: 2
[INFO GRT-0002] Maximum degree: 4
[INFO GRT-0009] rerouting 2 nets.
[INFO GRT-0001] Minimum degree: 2
[INFO GRT-0002] Maximum degree: 4
[INFO GRT-0009] rerouting 2 nets.
[INFO GRT-0001] Minimum degree: 2
[INFO GRT-0002] Maximum degree: 4
[INFO GRT-0009] rerouting 2 nets.
[INFO GRT-0001] Minimum degree: 2
[INFO GRT-0002] Maximum degree: 4
[INFO GRT-0009] rerouting 2 nets.
[INFO GRT-0001] Minimum degree: 2
[INFO GRT-0002] Maximum degree: 4
[INFO GRT-0009] rerouting 2 nets.
[INFO GRT-0001] Minimum degree: 2
[INFO GRT-0002] Maximum degree: 4
[INFO GRT-0009] rerouting 2 nets.
[INFO GRT-0001] Minimum degree: 2
[INFO GRT-0002] Maximum degree: 4
[INFO GRT-0009] rerouting 2 nets.
[INFO GRT-0001] Minimum degree: 2
[INFO GRT-0002] Maximum degree: 4
[INFO GRT-0009] rerouting 2 nets.
[INFO GRT-0001] Minimum degree: 2
[INFO GRT-0002] Maximum degree: 4
[INFO GRT-0009] rerouting 2 nets.
[INFO GRT-0001] Minimum degree: 2
[INFO GRT-0002] Maximum degree: 4
[INFO GRT-0009] rerouting 2 nets.
[INFO GRT-0001] Minimum degree: 2
[INFO GRT-0002] Maximum degree: 4
[INFO GRT-0009] rerouting 2 nets.
[INFO GRT-0001] Minimum degree: 2
[INFO GRT-0002] Maximum degree: 4
[INFO GRT-0009] rerouting 2 nets.
[INFO GRT-0001] Minimum degree: 2
[INFO GRT-0002] Maximum degree: 4
[INFO GRT-0009] rerouting 2 nets.
[INFO GRT-0001] Minimum degree: 2
[INFO GRT-0002] Maximum degree: 4
[INFO GRT-0009] rerouting 2 nets.
[INFO GRT-0001] Minimum degree: 2
[INFO GRT-0002] Maximum degree: 4
[INFO GRT-0009] rerouting 2 nets.
[INFO GRT-0001] Minimum degree: 2
[INFO GRT-0002] Maximum degree: 4
[INFO GRT-0009] rerouting 2 nets.
[INFO GRT-0001] Minimum degree: 2
[INFO GRT-0002] Maximum degree: 4
[INFO GRT-0009] rerouting 2 nets.
[INFO GRT-0001] Minimum degree: 2
[INFO GRT-0002] Maximum degree: 4
[INFO GRT-0009] rerouting 2 nets.
[INFO GRT-0001] Minimum degree: 2
[INFO GRT-0002] Maximum degree: 4
[INFO GRT-0009] rerouting 2 nets.
[INFO GRT-0001] Minimum degree: 2
[INFO GRT-0002] Maximum degree: 4
[INFO GRT-0009] rerouting 2 nets.
[INFO GRT-0001] Minimum degree: 2
[INFO GRT-0002] Maximum degree: 4
[INFO GRT-0009] rerouting 2 nets.
[INFO GRT-0001] Minimum degree: 2
[INFO GRT-0002] Maximum degree: 4
[INFO GRT-0009] rerouting 2 nets.
[INFO GRT-0001] Minimum degree: 2
[INFO GRT-0002] Maximum degree: 4
[INFO GRT-0009] rerouting 2 nets.
[INFO GRT-0001] Minimum degree: 2
[INFO GRT-0002] Maximum degree: 4
[INFO GRT-0009] rerouting 2 nets.
[INFO GRT-0001] Minimum degree: 2
[INFO GRT-0002] Maximum degree: 4
[INFO GRT-0009] rerouting 2 nets.
[INFO GRT-0001] Minimum degree: 2
[INFO GRT-0002] Maximum degree: 4
[INFO GRT-0009] rerouting 2 nets.
[INFO GRT-0001] Minimum degree: 2
[INFO GRT-0002] Maximum degree: 4
[INFO GRT-0009] rerouting 2 nets.
[INFO GRT-0001] Minimum degree: 2
[INFO GRT-0002] Maximum degree: 4
[INFO GRT-0009] rerouting 2 nets.
[INFO GRT-0001] Minimum degree: 2
[INFO GRT-0002] Maximum degree: 4
[INFO GRT-0009] rerouting 2 nets.
[INFO GRT-0001] Minimum degree: 2
[INFO GRT-0002] Maximum degree: 4
[INFO GRT-0009] rerouting 2 nets.
[INFO GRT-0001] Minimum degree: 2
[INFO GRT-0002] Maximum degree: 4
[INFO GRT-0009] rerouting 2 nets.
[INFO GRT-0001] Minimum degree: 2
[INFO GRT-0002] Maximum degree: 4
[INFO GRT-0009] rerouting 2 nets.
[INFO GRT-0001] Minimum degree: 2
[INFO GRT-0002] Maximum degree: 4
[INFO GRT-0009] rerouting 2 nets.
[INFO GRT-0001] Minimum degree: 2
[INFO GRT-0002] Maximum degree: 4
[INFO GRT-0009] rerouting 2 nets.
[INFO GRT-0001] Minimum degree: 2
[INFO GRT-0002] Maximum degree: 3
[INFO GRT-0009] rerouting 2 nets.
[INFO GRT-0001] Minimum degree: 2
[INFO GRT-0002] Maximum degree: 4
[INFO GRT-0009] rerouting 2 nets.
[INFO GRT-0001] Minimum degree: 2
[INFO GRT-0002] Maximum degree: 4
[INFO GRT-0009] rerouting 2 nets.
[INFO GRT-0001] Minimum degree: 2
[INFO GRT-0002] Maximum degree: 4
[INFO GRT-0009] rerouting 2 nets.
[INFO GRT-0001] Minimum degree: 2
[INFO GRT-0002] Maximum degree: 4
[INFO GRT-0009] rerouting 2 nets.
[INFO GRT-0001] Minimum degree: 2
[INFO GRT-0002] Maximum degree: 4
[INFO GRT-0009] rerouting 2 nets.
[INFO GRT-0001] Minimum degree: 2
[INFO GRT-0002] Maximum degree: 4
[INFO GRT-0009] rerouting 2 nets.
[INFO GRT-0001] Minimum degree: 2
[INFO GRT-0002] Maximum degree: 4
[INFO GRT-0009] rerouting 2 nets.
[INFO GRT-0001] Minimum degree: 2
[INFO GRT-0002] Maximum degree: 4
[INFO GRT-0009] rerouting 2 nets.
[INFO GRT-0001] Minimum degree: 2
[INFO GRT-0002] Maximum degree: 4
[INFO GRT-0009] rerouting 2 nets.
[INFO GRT-0001] Minimum degree: 2
[INFO GRT-0002] Maximum degree: 4
[INFO GRT-0009] rerouting 2 nets.
[INFO GRT-0001] Minimum degree: 2
[INFO GRT-0002] Maximum degree: 4
[INFO GRT-0009] rerouting 2 nets.
[INFO GRT-0001] Minimum degree: 2
[INFO GRT-0002] Maximum degree: 3
[INFO GRT-0009] rerouting 2 nets.
[INFO GRT-0001] Minimum degree: 2
[INFO GRT-0002] Maximum degree: 4
[INFO GRT-0009] rerouting 2 nets.
[INFO GRT-0001] Minimum degree: 2
[INFO GRT-0002] Maximum degree: 4
[INFO GRT-0009] rerouting 2 nets.
[INFO GRT-0001] Minimum degree: 2
[INFO GRT-0002] Maximum degree: 4
[INFO GRT-0009] rerouting 2 nets.
[INFO GRT-0001] Minimum degree: 2
[INFO GRT-0002] Maximum degree: 5
[INFO GRT-0009] rerouting 2 nets.
[INFO GRT-0001] Minimum degree: 2
[INFO GRT-0002] Maximum degree: 4
[INFO GRT-0009] rerouting 2 nets.
[INFO GRT-0001] Minimum degree: 2
[INFO GRT-0002] Maximum degree: 4
[INFO GRT-0009] rerouting 2 nets.
[INFO GRT-0001] Minimum degree: 2
[INFO GRT-0002] Maximum degree: 4
[INFO GRT-0009] rerouting 2 nets.
[INFO GRT-0001] Minimum degree: 2
[INFO GRT-0002] Maximum degree: 4
[INFO GRT-0009] rerouting 2 nets.
[INFO GRT-0001] Minimum degree: 2
[INFO GRT-0002] Maximum degree: 4
[INFO GRT-0009] rerouting 2 nets.
[INFO GRT-0001] Minimum degree: 2
[INFO GRT-0002] Maximum degree: 4
[INFO RSZ-0032] Inserted 79 hold buffers.
Placement Analysis
---------------------------------
total displacement      13408.3 u
average displacement        0.8 u
max displacement           69.0 u
original HPWL         1927053.3 u
legalized HPWL        1947277.8 u
delta HPWL                    1 %

[INFO DPL-0020] Mirrored 6079 instances
[INFO DPL-0021] HPWL before          1947277.8 u
[INFO DPL-0022] HPWL after           1936160.9 u
[INFO DPL-0023] HPWL delta               -0.6 %
Setting global connections for newly added cells…
Writing OpenROAD database to '/openlane/designs/picosoc/runs/new/tmp/17-picorv32_wrapper.odb'…
Writing netlist to '/openlane/designs/picosoc/runs/new/tmp/17-picorv32_wrapper.nl.v'…
Writing powered netlist to '/openlane/designs/picosoc/runs/new/tmp/17-picorv32_wrapper.pnl.v'…
Writing layout to '/openlane/designs/picosoc/runs/new/tmp/17-picorv32_wrapper.def'…
Writing timing constraints to '/openlane/designs/picosoc/runs/new/tmp/17-picorv32_wrapper.sdc'…
area_report

===========================================================================
report_design_area
============================================================================
Design area 116389 u^2 41% utilization.
area_report_end
