OpenROAD 41a51eaf4ca2171c92ff38afb91eb37bbd3f36da 
This program is licensed under the BSD-3 license. See the LICENSE file for details.
Components of this program may be licensed under more restrictive licenses which must be honored.
[INFO]: Reading ODB at '/openlane/designs/picosoc/runs/newtry/results/placement/picorv32_wrapper.odb'…
define_corners Slowest Typical Fastest
read_liberty -corner Slowest /openlane/designs/picosoc/runs/newtry/tmp/cts/cts-slowest.lib
read_liberty -corner Typical /openlane/designs/picosoc/runs/newtry/tmp/cts/cts.lib
read_liberty -corner Fastest /openlane/designs/picosoc/runs/newtry/tmp/cts/cts-fastest.lib
Using 1e-12 for capacitance...
Using 1e+03 for resistance...
Using 1e-09 for time...
Using 1e+00 for voltage...
Using 1e-03 for current...
Using 1e-09 for power...
Using 1e-06 for distance...
Reading design constraints file at '/openlane/designs/picosoc/runs/newtry/tmp/placement/9-resizer.sdc'…
[INFO]: Setting RC values...
[INFO]: Configuring cts characterization...
[INFO]: Performing clock tree synthesis...
[INFO]: Looking for the following net(s): clk
[INFO]: Running Clock Tree Synthesis...
[INFO CTS-0049] Characterization buffer is: sky130_fd_sc_hd__clkbuf_8.
[INFO CTS-0038] Number of created patterns = 50000.
[INFO CTS-0038] Number of created patterns = 100000.
[INFO CTS-0039] Number of created patterns = 141984.
[INFO CTS-0084] Compiling LUT.
Min. len    Max. len    Min. cap    Max. cap    Min. slew   Max. slew
2           8           1           35          1           12          
[WARNING CTS-0043] 4896 wires are pure wire and no slew degradation.
TritonCTS forced slew degradation on these wires.
[INFO CTS-0046]     Number of wire segments: 141984.
[INFO CTS-0047]     Number of keys in characterization LUT: 1624.
[INFO CTS-0048]     Actual min input cap: 1.
[INFO CTS-0007] Net "clk" found for clock "clk".
[INFO CTS-0010]  Clock net "clk" has 1597 sinks.
[INFO CTS-0008] TritonCTS found 1 clock nets.
[INFO CTS-0097] Characterization used 2 buffer(s) types.
[INFO CTS-0027] Generating H-Tree topology for net clk.
[INFO CTS-0028]  Total number of sinks: 1597.
[INFO CTS-0029]  Sinks will be clustered in groups of up to 25 and with maximum cluster diameter of 50.0 um.
[INFO CTS-0030]  Number of static layers: 0.
[INFO CTS-0020]  Wire segment unit: 13000  dbu (13 um).
[INFO CTS-0019]  Total number of sinks after clustering: 94.
[INFO CTS-0024]  Normalized sink region: [(6.97346, 6.79538), (34.8085, 34.6231)].
[INFO CTS-0025]     Width:  27.8350.
[INFO CTS-0026]     Height: 27.8277.
 Level 1
    Direction: Horizontal
    Sinks per sub-region: 47
    Sub-region size: 13.9175 X 27.8277
[INFO CTS-0034]     Segment length (rounded): 6.
    Key: 1029 inSlew: 1 inCap: 1 outSlew: 2 load: 1 length: 6 delay: 1
 Level 2
    Direction: Vertical
    Sinks per sub-region: 24
    Sub-region size: 13.9175 X 13.9138
[INFO CTS-0034]     Segment length (rounded): 6.
    Key: 1029 inSlew: 1 inCap: 1 outSlew: 2 load: 1 length: 6 delay: 1
 Out of 38 sinks, 1 sinks closer to other cluster.
 Level 3
    Direction: Horizontal
    Sinks per sub-region: 12
    Sub-region size: 6.9588 X 13.9138
[INFO CTS-0034]     Segment length (rounded): 4.
    Key: 255 inSlew: 2 inCap: 1 outSlew: 3 load: 1 length: 4 delay: 1
[INFO CTS-0032]  Stop criterion found. Max number of sinks is 15.
[INFO CTS-0035]  Number of sinks covered: 94.
[INFO CTS-0018]     Created 95 clock buffers.
[INFO CTS-0012]     Minimum number of buffers in the clock path: 2.
[INFO CTS-0013]     Maximum number of buffers in the clock path: 3.
[INFO CTS-0015]     Created 95 clock nets.
[INFO CTS-0016]     Fanout distribution for the current clock = 2:8, 3:5, 4:3, 5:5, 6:1, 7:1, 9:3, 10:1, 11:1, 12:1, 13:2, 14:2, 15:1, 17:1, 18:1, 21:1, 22:1, 23:2, 24:1, 25:53..
[INFO CTS-0017]     Max level of the clock tree: 3.
[INFO CTS-0098] Clock net "clk"
[INFO CTS-0099]  Sinks 1597
[INFO CTS-0100]  Leaf buffers 86
[INFO CTS-0101]  Average sink wire length 683.40 um
[INFO CTS-0102]  Path depth 2 - 3
[INFO]: Repairing long wires on clock nets...
[INFO RSZ-0058] Using max wire length 4508um.
Setting global connections for newly added cells…
Writing OpenROAD database to '/openlane/designs/picosoc/runs/newtry/results/cts/picorv32_wrapper.odb'…
Writing layout to '/openlane/designs/picosoc/runs/newtry/results/cts/picorv32_wrapper.def'…
Writing timing constraints to '/openlane/designs/picosoc/runs/newtry/results/cts/picorv32_wrapper.sdc'…
[INFO]: Legalizing...
Placement Analysis
---------------------------------
total displacement      66324.1 u
average displacement        4.0 u
max displacement           70.8 u
original HPWL         1831578.4 u
legalized HPWL        1880000.1 u
delta HPWL                    3 %

[INFO DPL-0020] Mirrored 6089 instances
[INFO DPL-0021] HPWL before          1880000.1 u
[INFO DPL-0022] HPWL after           1869011.3 u
[INFO DPL-0023] HPWL delta               -0.6 %
Setting global connections for newly added cells…
Writing OpenROAD database to '/openlane/designs/picosoc/runs/newtry/results/cts/picorv32_wrapper.odb'…
Writing layout to '/openlane/designs/picosoc/runs/newtry/results/cts/picorv32_wrapper.def'…
Writing timing constraints to '/openlane/designs/picosoc/runs/newtry/results/cts/picorv32_wrapper.sdc'…
cts_report
[INFO CTS-0003] Total number of Clock Roots: 1.
[INFO CTS-0004] Total number of Buffers Inserted: 95.
[INFO CTS-0005] Total number of Clock Subnets: 95.
[INFO CTS-0006] Total number of Sinks: 1597.
cts_report_end
